<?xml version="1.0" encoding="UTF-8"?>
<testng-results ignored="0" total="1" passed="0" failed="1" skipped="0">
  <reporter-output>
  </reporter-output>
  <suite started-at="2024-06-13T11:46:20 IST" name="Suite" finished-at="2024-06-13T11:47:05 IST" duration-ms="45049">
    <groups>
      <group name="cucumber">
        <method signature="AbstractTestNGCucumberTests.runScenario(io.cucumber.testng.PickleWrapper,io.cucumber.testng.FeatureWrapper)[pri:0, instance:runner.HomeRunner@4241e0f4]" name="runScenario" class="io.cucumber.testng.AbstractTestNGCucumberTests"/>
      </group> <!-- cucumber -->
    </groups>
    <test started-at="2024-06-13T11:46:20 IST" name="Test" finished-at="2024-06-13T11:47:05 IST" duration-ms="45049">
      <class name="runner.HomeRunner">
        <test-method is-config="true" signature="setUpClass(org.testng.ITestContext)[pri:0, instance:runner.HomeRunner@4241e0f4]" started-at="2024-06-13T11:46:20 IST" name="setUpClass" finished-at="2024-06-13T11:46:21 IST" duration-ms="1143" status="PASS">
          <params>
            <param index="0">
              <value>
                <![CDATA[org.testng.TestRunner@2506e949]]>
              </value>
            </param>
          </params>
          <reporter-output>
          </reporter-output>
        </test-method> <!-- setUpClass -->
        <test-method signature="runScenario(io.cucumber.testng.PickleWrapper,io.cucumber.testng.FeatureWrapper)[pri:0, instance:runner.HomeRunner@4241e0f4]" started-at="2024-06-13T11:46:21 IST" name="runScenario" description="Runs Cucumber Scenarios" data-provider="scenarios" finished-at="2024-06-13T11:47:02 IST" duration-ms="40514" status="FAIL">
          <params>
            <param index="0">
              <value>
                <![CDATA["user filter product by brand and prize"]]>
              </value>
            </param>
            <param index="1">
              <value>
                <![CDATA["Filter product by catagory"]]>
              </value>
            </param>
          </params>
          <exception class="java.lang.AssertionError">
            <message>
              <![CDATA[expected [true] but found [false]]]>
            </message>
            <full-stacktrace>
              <![CDATA[java.lang.AssertionError: expected [true] but found [false]
at org.testng.Assert.fail(Assert.java:110)
at org.testng.Assert.failNotEquals(Assert.java:1577)
at org.testng.Assert.assertTrue(Assert.java:56)
at org.testng.Assert.assertTrue(Assert.java:66)
at steps.FilterProductByCatagory.validate_oprions_showing_are_of_and(FilterProductByCatagory.java:43)
at âœ½.validate oprions showing are of "SAMSUNG" and "REDMI"(file:///C:/Users/Admin/eclipse-workspace/FlipKartProject/src/test/resources/appfeatures/filterProductByCatagory.feature:9)
]]>
            </full-stacktrace>
          </exception> <!-- java.lang.AssertionError -->
          <reporter-output>
          </reporter-output>
        </test-method> <!-- runScenario -->
        <test-method is-config="true" signature="tearDownClass()[pri:0, instance:runner.HomeRunner@4241e0f4]" started-at="2024-06-13T11:47:02 IST" name="tearDownClass" finished-at="2024-06-13T11:47:05 IST" duration-ms="3214" status="PASS">
          <reporter-output>
          </reporter-output>
        </test-method> <!-- tearDownClass -->
      </class> <!-- runner.HomeRunner -->
    </test> <!-- Test -->
  </suite> <!-- Suite -->
</testng-results>
