-------------------------------------------------------------------------------
Test set: TestSuite
-------------------------------------------------------------------------------
Tests run: 1, Failures: 1, Errors: 0, Skipped: 0, Time elapsed: 46.69 s <<< FAILURE! -- in TestSuite
runner.HomeRunner.runScenario["user filter product by brand and prize", "Filter product by catagory"](1) -- Time elapsed: 40.61 s <<< FAILURE!
java.lang.AssertionError: expected [true] but found [false]
	at org.testng.Assert.fail(Assert.java:110)
	at org.testng.Assert.failNotEquals(Assert.java:1577)
	at org.testng.Assert.assertTrue(Assert.java:56)
	at org.testng.Assert.assertTrue(Assert.java:66)
	at steps.FilterProductByCatagory.validate_oprions_showing_are_of_and(FilterProductByCatagory.java:43)
	at âœ½.validate oprions showing are of "SAMSUNG" and "REDMI"(file:///C:/Users/Admin/eclipse-workspace/FlipKartProject/src/test/resources/appfeatures/filterProductByCatagory.feature:9)

